2022-09-21 13:59:00,805 - BaseTest.py:[13] - [INFO] - ------------Start test new feature---------------
2022-09-21 13:59:00,806 - conftest.py:[20] - [INFO] - [DRIVER] --> Start
2022-09-21 13:59:08,960 - BaseTest.py:[23] - [INFO] - ----Start test new testcase-----> test_001_345_tc0
2022-09-21 13:59:12,477 - BasePage.py:[31] - [INFO] - [WATING] showed element: view_change_country
2022-09-21 13:59:12,477 - BasePage.py:[38] - [INFO] - [CLICK] view_change_country
2022-09-21 13:59:13,736 - BasePage.py:[31] - [INFO] - [WATING] showed element: // android.widget.TextView[ @ text = 'United Kingdom']
2022-09-21 13:59:13,736 - BasePage.py:[38] - [INFO] - [CLICK] // android.widget.TextView[ @ text = 'United Kingdom']
2022-09-21 13:59:14,643 - BasePage.py:[31] - [INFO] - [WATING] showed element: btn_select_country
2022-09-21 13:59:14,644 - BasePage.py:[38] - [INFO] - [CLICK] btn_select_country
2022-09-21 13:59:19,133 - BasePage.py:[31] - [INFO] - [WATING] showed element: btnSignIn
2022-09-21 13:59:19,133 - BasePage.py:[55] - [INFO] - [GETTEXT] btnSignIn
2022-09-21 13:59:19,231 - BasePage.py:[60] - [INFO] - [GETTEXT] text is: Sign in or Register
2022-09-21 13:59:19,231 - BasePage.py:[65] - [INFO] - [VERIFY] expected is: Sign in or Register
2022-09-21 13:59:19,232 - BaseTest.py:[32] - [INFO] - Testcase ID: id1
2022-09-21 13:59:19,232 - BaseTest.py:[62] - [INFO] - End of testcase
2022-09-21 13:59:19,238 - BaseTest.py:[23] - [INFO] - ----Start test new testcase-----> test_002_678_tc1
2022-09-21 13:59:19,384 - BasePage.py:[31] - [INFO] - [WATING] showed element: view_change_country
2022-09-21 13:59:19,384 - BasePage.py:[38] - [INFO] - [CLICK] view_change_country
2022-09-21 13:59:20,705 - BasePage.py:[31] - [INFO] - [WATING] showed element: // android.widget.TextView[ @ text = 'India']
2022-09-21 13:59:20,705 - BasePage.py:[38] - [INFO] - [CLICK] // android.widget.TextView[ @ text = 'India']
2022-09-21 13:59:22,090 - BasePage.py:[31] - [INFO] - [WATING] showed element: btn_select_country
2022-09-21 13:59:22,090 - BasePage.py:[38] - [INFO] - [CLICK] btn_select_country
2022-09-21 13:59:25,525 - BasePage.py:[31] - [INFO] - [WATING] showed element: btnSignIn
2022-09-21 13:59:25,526 - BasePage.py:[38] - [INFO] - [CLICK] btnSignIn
2022-09-21 13:59:25,676 - BaseTest.py:[32] - [INFO] - Testcase ID: id1
2022-09-21 13:59:25,677 - BaseTest.py:[56] - [INFO] - sai roi: AssertionError: assert 1 == 2
2022-09-21 13:59:25,677 - BaseTest.py:[62] - [INFO] - End of testcase
2022-09-21 13:59:25,737 - conftest.py:[34] - [INFO] - [DRIVER] --> Quit
2022-09-21 13:59:26,089 - BaseTest.py:[17] - [INFO] - ---End test new feature---
2022-09-21 14:02:10,659 - BaseTest.py:[13] - [INFO] - ------------Start test new feature---------------
2022-09-21 14:02:10,660 - conftest.py:[20] - [INFO] - [DRIVER] --> Start
2022-09-21 14:02:18,821 - BaseTest.py:[23] - [INFO] - Start test new testcase-----> test_001_345_tc0
2022-09-21 14:02:22,285 - BasePage.py:[31] - [INFO] - [WATING] showed element: view_change_country
2022-09-21 14:02:22,286 - BasePage.py:[38] - [INFO] - [CLICK] view_change_country
2022-09-21 14:02:23,733 - BasePage.py:[31] - [INFO] - [WATING] showed element: // android.widget.TextView[ @ text = 'United Kingdom']
2022-09-21 14:02:23,734 - BasePage.py:[38] - [INFO] - [CLICK] // android.widget.TextView[ @ text = 'United Kingdom']
2022-09-21 14:02:24,596 - BasePage.py:[31] - [INFO] - [WATING] showed element: btn_select_country
2022-09-21 14:02:24,596 - BasePage.py:[38] - [INFO] - [CLICK] btn_select_country
2022-09-21 14:02:28,086 - BasePage.py:[31] - [INFO] - [WATING] showed element: btnSignIn
2022-09-21 14:02:28,087 - BasePage.py:[55] - [INFO] - [GETTEXT] btnSignIn
2022-09-21 14:02:28,186 - BasePage.py:[60] - [INFO] - [GETTEXT] text is: Sign in or Register
2022-09-21 14:02:28,186 - BasePage.py:[65] - [INFO] - [VERIFY] expected is: Sign in or Register
2022-09-21 14:02:28,187 - BaseTest.py:[31] - [INFO] - Testcase ID: 345
2022-09-21 14:02:28,187 - BaseTest.py:[46] - [INFO] - PASSSSS
2022-09-21 14:02:28,187 - BaseTest.py:[62] - [INFO] - <-----End of testcase
2022-09-21 14:02:28,192 - BaseTest.py:[23] - [INFO] - Start test new testcase-----> test_002_678_tc1
2022-09-21 14:02:28,338 - BasePage.py:[31] - [INFO] - [WATING] showed element: view_change_country
2022-09-21 14:02:28,338 - BasePage.py:[38] - [INFO] - [CLICK] view_change_country
2022-09-21 14:02:29,633 - BasePage.py:[31] - [INFO] - [WATING] showed element: // android.widget.TextView[ @ text = 'India']
2022-09-21 14:02:29,634 - BasePage.py:[38] - [INFO] - [CLICK] // android.widget.TextView[ @ text = 'India']
2022-09-21 14:02:30,582 - BasePage.py:[31] - [INFO] - [WATING] showed element: btn_select_country
2022-09-21 14:02:30,582 - BasePage.py:[38] - [INFO] - [CLICK] btn_select_country
2022-09-21 14:02:33,935 - BasePage.py:[31] - [INFO] - [WATING] showed element: btnSignIn
2022-09-21 14:02:33,935 - BasePage.py:[38] - [INFO] - [CLICK] btnSignIn
2022-09-21 14:02:34,076 - BaseTest.py:[31] - [INFO] - Testcase ID: 678
2022-09-21 14:02:34,077 - BaseTest.py:[48] - [INFO] - Failed.....
2022-09-21 14:02:34,077 - BaseTest.py:[56] - [INFO] - sai roi: AssertionError: assert 1 == 2
2022-09-21 14:02:34,077 - BaseTest.py:[62] - [INFO] - <-----End of testcase
2022-09-21 14:02:34,136 - conftest.py:[34] - [INFO] - [DRIVER] --> Quit
2022-09-21 14:02:34,473 - BaseTest.py:[17] - [INFO] - ---End test new feature---
